<?xml version="1.0" encoding="UTF-8"?>
<!-- Generated by org.testng.reporters.JUnitXMLReporter -->
<testsuite ignored="0" hostname="LAPTOP-RRL8VLE7" failures="1" tests="6" name="Surefire test" time="38.299" errors="0" timestamp="2023-12-11T14:35:32 EST">
  <testcase classname="com.qa.tutorialsninja.TestCases.CheckOutTest" name="verifyCheckout" time="4.142">
    <failure type="java.lang.AssertionError" message="expected [false] but found [true]">
      <![CDATA[java.lang.AssertionError: expected [false] but found [true]
at com.qa.tutorialsninja.TestCases.CheckOutTest.verifyCheckout(CheckOutTest.java:46)
at java.base/java.util.ArrayList.forEach(ArrayList.java:1511)
... Removed 36 stack frames]]>
    </failure>
  </testcase> <!-- verifyCheckout -->
  <testcase classname="com.qa.tutorialsninja.TestCases.HomePageTest" name="verifyHomePage" time="0.506"/>
  <testcase classname="com.qa.tutorialsninja.TestCases.LoginTest" name="verifyLoginWithValidCredentials" time="1.085"/>
  <testcase classname="com.qa.tutorialsninja.TestCases.RegisterTest" name="verifyRegisterWithValidCredentials" time="2.075"/>
  <testcase classname="com.qa.tutorialsninja.TestCases.SearchProductTest" name="verifySearchWithValidProductsAndVerifyProductDetails" time="1.534"/>
  <testcase classname="com.qa.tutorialsninja.TestCases.ShoppingCartTest" name="verifyShoppingCart" time="0.664"/>
</testsuite> <!-- Surefire test -->
