<?xml version="1.0" encoding="UTF-8"?>
<testng-results ignored="0" total="6" passed="5" failed="1" skipped="0">
  <reporter-output>
  </reporter-output>
  <suite started-at="2023-12-23T15:18:40 EST" name="Suite" finished-at="2023-12-23T15:19:15 EST" duration-ms="35235">
    <groups>
    </groups>
    <test started-at="2023-12-23T15:18:40 EST" name="Test" finished-at="2023-12-23T15:19:15 EST" duration-ms="35235">
      <class name="com.qa.tutorialsninja.TestCases.CheckOutTest">
        <test-method is-config="true" signature="setup()[pri:0, instance:com.qa.tutorialsninja.TestCases.CheckOutTest@55a147cc]" started-at="2023-12-23T15:19:07 EST" name="setup" finished-at="2023-12-23T15:19:11 EST" duration-ms="3951" status="PASS">
          <reporter-output>
          </reporter-output>
        </test-method> <!-- setup -->
        <test-method signature="verifyCheckout()[pri:1, instance:com.qa.tutorialsninja.TestCases.CheckOutTest@55a147cc]" started-at="2023-12-23T15:19:11 EST" name="verifyCheckout" finished-at="2023-12-23T15:19:15 EST" duration-ms="4190" status="FAIL">
          <exception class="java.lang.AssertionError">
            <message>
              <![CDATA[expected [false] but found [true]]]>
            </message>
            <full-stacktrace>
              <![CDATA[java.lang.AssertionError: expected [false] but found [true]
at org.testng.Assert.fail(Assert.java:111)
at org.testng.Assert.failNotEquals(Assert.java:1578)
at org.testng.Assert.assertFalse(Assert.java:79)
at org.testng.Assert.assertFalse(Assert.java:89)
at com.qa.tutorialsninja.TestCases.CheckOutTest.verifyCheckout(CheckOutTest.java:46)
at java.base/jdk.internal.reflect.NativeMethodAccessorImpl.invoke0(Native Method)
at java.base/jdk.internal.reflect.NativeMethodAccessorImpl.invoke(NativeMethodAccessorImpl.java:77)
at java.base/jdk.internal.reflect.DelegatingMethodAccessorImpl.invoke(DelegatingMethodAccessorImpl.java:43)
at java.base/java.lang.reflect.Method.invoke(Method.java:568)
at org.testng.internal.invokers.MethodInvocationHelper.invokeMethod(MethodInvocationHelper.java:139)
at org.testng.internal.invokers.TestInvoker.invokeMethod(TestInvoker.java:664)
at org.testng.internal.invokers.TestInvoker.invokeTestMethod(TestInvoker.java:227)
at org.testng.internal.invokers.MethodRunner.runInSequence(MethodRunner.java:50)
at org.testng.internal.invokers.TestInvoker$MethodInvocationAgent.invoke(TestInvoker.java:957)
at org.testng.internal.invokers.TestInvoker.invokeTestMethods(TestInvoker.java:200)
at org.testng.internal.invokers.TestMethodWorker.invokeTestMethods(TestMethodWorker.java:148)
at org.testng.internal.invokers.TestMethodWorker.run(TestMethodWorker.java:128)
at java.base/java.util.ArrayList.forEach(ArrayList.java:1511)
at org.testng.TestRunner.privateRun(TestRunner.java:848)
at org.testng.TestRunner.run(TestRunner.java:621)
at org.testng.SuiteRunner.runTest(SuiteRunner.java:443)
at org.testng.SuiteRunner.runSequentially(SuiteRunner.java:437)
at org.testng.SuiteRunner.privateRun(SuiteRunner.java:397)
at org.testng.SuiteRunner.run(SuiteRunner.java:336)
at org.testng.SuiteRunnerWorker.runSuite(SuiteRunnerWorker.java:52)
at org.testng.SuiteRunnerWorker.run(SuiteRunnerWorker.java:95)
at org.testng.TestNG.runSuitesSequentially(TestNG.java:1280)
at org.testng.TestNG.runSuitesLocally(TestNG.java:1200)
at org.testng.TestNG.runSuites(TestNG.java:1114)
at org.testng.TestNG.run(TestNG.java:1082)
at org.testng.remote.AbstractRemoteTestNG.run(AbstractRemoteTestNG.java:115)
at org.testng.remote.RemoteTestNG.initAndRun(RemoteTestNG.java:251)
at org.testng.remote.RemoteTestNG.main(RemoteTestNG.java:77)
]]>
            </full-stacktrace>
          </exception> <!-- java.lang.AssertionError -->
          <reporter-output>
          </reporter-output>
        </test-method> <!-- verifyCheckout -->
        <test-method is-config="true" signature="teardown()[pri:0, instance:com.qa.tutorialsninja.TestCases.CheckOutTest@55a147cc]" started-at="2023-12-23T15:19:15 EST" name="teardown" finished-at="2023-12-23T15:19:15 EST" duration-ms="189" status="PASS">
          <reporter-output>
          </reporter-output>
        </test-method> <!-- teardown -->
      </class> <!-- com.qa.tutorialsninja.TestCases.CheckOutTest -->
      <class name="com.qa.tutorialsninja.TestCases.SearchProductTest">
        <test-method is-config="true" signature="setup()[pri:0, instance:com.qa.tutorialsninja.TestCases.SearchProductTest@1a6d8329]" started-at="2023-12-23T15:18:57 EST" name="setup" finished-at="2023-12-23T15:19:01 EST" duration-ms="3569" status="PASS">
          <reporter-output>
          </reporter-output>
        </test-method> <!-- setup -->
        <test-method signature="verifySearchWithValidProductsAndVerifyProductDetails()[pri:1, instance:com.qa.tutorialsninja.TestCases.SearchProductTest@1a6d8329]" started-at="2023-12-23T15:19:01 EST" name="verifySearchWithValidProductsAndVerifyProductDetails" finished-at="2023-12-23T15:19:02 EST" duration-ms="1489" status="PASS">
          <reporter-output>
          </reporter-output>
        </test-method> <!-- verifySearchWithValidProductsAndVerifyProductDetails -->
        <test-method is-config="true" signature="teardown()[pri:0, instance:com.qa.tutorialsninja.TestCases.SearchProductTest@1a6d8329]" started-at="2023-12-23T15:19:02 EST" name="teardown" finished-at="2023-12-23T15:19:03 EST" duration-ms="170" status="PASS">
          <reporter-output>
          </reporter-output>
        </test-method> <!-- teardown -->
      </class> <!-- com.qa.tutorialsninja.TestCases.SearchProductTest -->
      <class name="com.qa.tutorialsninja.TestCases.LoginTest">
        <test-method is-config="true" signature="setup()[pri:0, instance:com.qa.tutorialsninja.TestCases.LoginTest@1e6a3214]" started-at="2023-12-23T15:18:46 EST" name="setup" finished-at="2023-12-23T15:18:50 EST" duration-ms="3991" status="PASS">
          <reporter-output>
          </reporter-output>
        </test-method> <!-- setup -->
        <test-method signature="verifyLoginWithValidCredentials()[pri:1, instance:com.qa.tutorialsninja.TestCases.LoginTest@1e6a3214]" started-at="2023-12-23T15:18:50 EST" name="verifyLoginWithValidCredentials" finished-at="2023-12-23T15:18:51 EST" duration-ms="1093" status="PASS">
          <reporter-output>
          </reporter-output>
        </test-method> <!-- verifyLoginWithValidCredentials -->
        <test-method is-config="true" signature="teardown()[pri:0, instance:com.qa.tutorialsninja.TestCases.LoginTest@1e6a3214]" started-at="2023-12-23T15:18:51 EST" name="teardown" finished-at="2023-12-23T15:18:51 EST" duration-ms="179" status="PASS">
          <reporter-output>
          </reporter-output>
        </test-method> <!-- teardown -->
      </class> <!-- com.qa.tutorialsninja.TestCases.LoginTest -->
      <class name="com.qa.tutorialsninja.TestCases.HomePageTest">
        <test-method is-config="true" signature="setup()[pri:0, instance:com.qa.tutorialsninja.TestCases.HomePageTest@4efac082]" started-at="2023-12-23T15:18:41 EST" name="setup" finished-at="2023-12-23T15:18:45 EST" duration-ms="4710" status="PASS">
          <reporter-output>
          </reporter-output>
        </test-method> <!-- setup -->
        <test-method signature="verifyHomePage()[pri:1, instance:com.qa.tutorialsninja.TestCases.HomePageTest@4efac082]" started-at="2023-12-23T15:18:45 EST" name="verifyHomePage" finished-at="2023-12-23T15:18:46 EST" duration-ms="505" status="PASS">
          <reporter-output>
          </reporter-output>
        </test-method> <!-- verifyHomePage -->
        <test-method is-config="true" signature="teardown()[pri:0, instance:com.qa.tutorialsninja.TestCases.HomePageTest@4efac082]" started-at="2023-12-23T15:18:46 EST" name="teardown" finished-at="2023-12-23T15:18:46 EST" duration-ms="253" status="PASS">
          <reporter-output>
          </reporter-output>
        </test-method> <!-- teardown -->
      </class> <!-- com.qa.tutorialsninja.TestCases.HomePageTest -->
      <class name="com.qa.tutorialsninja.TestCases.ShoppingCartTest">
        <test-method is-config="true" signature="setup()[pri:0, instance:com.qa.tutorialsninja.TestCases.ShoppingCartTest@1a942c18]" started-at="2023-12-23T15:19:03 EST" name="setup" finished-at="2023-12-23T15:19:06 EST" duration-ms="3374" status="PASS">
          <reporter-output>
          </reporter-output>
        </test-method> <!-- setup -->
        <test-method signature="verifyShoppingCart()[pri:1, instance:com.qa.tutorialsninja.TestCases.ShoppingCartTest@1a942c18]" started-at="2023-12-23T15:19:06 EST" name="verifyShoppingCart" finished-at="2023-12-23T15:19:07 EST" duration-ms="602" status="PASS">
          <reporter-output>
          </reporter-output>
        </test-method> <!-- verifyShoppingCart -->
        <test-method is-config="true" signature="teardown()[pri:0, instance:com.qa.tutorialsninja.TestCases.ShoppingCartTest@1a942c18]" started-at="2023-12-23T15:19:07 EST" name="teardown" finished-at="2023-12-23T15:19:07 EST" duration-ms="182" status="PASS">
          <reporter-output>
          </reporter-output>
        </test-method> <!-- teardown -->
      </class> <!-- com.qa.tutorialsninja.TestCases.ShoppingCartTest -->
      <class name="com.qa.tutorialsninja.TestCases.RegisterTest">
        <test-method is-config="true" signature="setup()[pri:0, instance:com.qa.tutorialsninja.TestCases.RegisterTest@368247b9]" started-at="2023-12-23T15:18:51 EST" name="setup" finished-at="2023-12-23T15:18:56 EST" duration-ms="4224" status="PASS">
          <reporter-output>
          </reporter-output>
        </test-method> <!-- setup -->
        <test-method signature="verifyRegisterWithValidCredentials()[pri:1, instance:com.qa.tutorialsninja.TestCases.RegisterTest@368247b9]" started-at="2023-12-23T15:18:56 EST" name="verifyRegisterWithValidCredentials" finished-at="2023-12-23T15:18:57 EST" duration-ms="1619" status="PASS">
          <reporter-output>
          </reporter-output>
        </test-method> <!-- verifyRegisterWithValidCredentials -->
        <test-method is-config="true" signature="teardown()[pri:0, instance:com.qa.tutorialsninja.TestCases.RegisterTest@368247b9]" started-at="2023-12-23T15:18:57 EST" name="teardown" finished-at="2023-12-23T15:18:57 EST" duration-ms="178" status="PASS">
          <reporter-output>
          </reporter-output>
        </test-method> <!-- teardown -->
      </class> <!-- com.qa.tutorialsninja.TestCases.RegisterTest -->
    </test> <!-- Test -->
  </suite> <!-- Suite -->
</testng-results>
